{"C:\\Users\\Oliver\\Development\\pigeonpost\\frontend\\src\\hooks\\useComposeLauncher.ts": {"path":"C:\\Users\\Oliver\\Development\\pigeonpost\\frontend\\src\\hooks\\useComposeLauncher.ts","statementMap":{"0":{"start":{"line":48,"column":83},"end":{"line":48,"column":null}},"1":{"start":{"line":50,"column":38},"end":{"line":50,"column":null}},"2":{"start":{"line":51,"column":48},"end":{"line":51,"column":null}},"3":{"start":{"line":53,"column":52},"end":{"line":53,"column":null}},"4":{"start":{"line":56,"column":36},"end":{"line":56,"column":null}},"5":{"start":{"line":57,"column":31},"end":{"line":57,"column":null}},"6":{"start":{"line":61,"column":4},"end":{"line":61,"column":null}},"7":{"start":{"line":61,"column":27},"end":{"line":61,"column":46}},"8":{"start":{"line":66,"column":4},"end":{"line":82,"column":null}},"9":{"start":{"line":67,"column":8},"end":{"line":67,"column":null}},"10":{"start":{"line":67,"column":65},"end":{"line":67,"column":null}},"11":{"start":{"line":68,"column":8},"end":{"line":68,"column":null}},"12":{"start":{"line":69,"column":8},"end":{"line":81,"column":null}},"13":{"start":{"line":70,"column":12},"end":{"line":80,"column":null}},"14":{"start":{"line":71,"column":33},"end":{"line":71,"column":null}},"15":{"start":{"line":72,"column":16},"end":{"line":72,"column":null}},"16":{"start":{"line":72,"column":39},"end":{"line":72,"column":null}},"17":{"start":{"line":73,"column":16},"end":{"line":77,"column":null}},"18":{"start":{"line":73,"column":47},"end":{"line":73,"column":80}},"19":{"start":{"line":74,"column":20},"end":{"line":74,"column":null}},"20":{"start":{"line":76,"column":20},"end":{"line":76,"column":null}},"21":{"start":{"line":87,"column":10},"end":{"line":101,"column":null}},"22":{"start":{"line":88,"column":8},"end":{"line":88,"column":null}},"23":{"start":{"line":88,"column":23},"end":{"line":88,"column":null}},"24":{"start":{"line":89,"column":8},"end":{"line":91,"column":null}},"25":{"start":{"line":89,"column":39},"end":{"line":89,"column":72}},"26":{"start":{"line":90,"column":12},"end":{"line":90,"column":null}},"27":{"start":{"line":92,"column":8},"end":{"line":98,"column":null}},"28":{"start":{"line":99,"column":8},"end":{"line":99,"column":null}},"29":{"start":{"line":100,"column":8},"end":{"line":100,"column":null}},"30":{"start":{"line":104,"column":10},"end":{"line":107,"column":null}},"31":{"start":{"line":105,"column":8},"end":{"line":105,"column":null}},"32":{"start":{"line":106,"column":8},"end":{"line":106,"column":null}},"33":{"start":{"line":111,"column":10},"end":{"line":111,"column":null}},"34":{"start":{"line":111,"column":40},"end":{"line":111,"column":null}},"35":{"start":{"line":111,"column":78},"end":{"line":111,"column":102}},"36":{"start":{"line":114,"column":10},"end":{"line":115,"column":null}},"37":{"start":{"line":115,"column":8},"end":{"line":115,"column":null}},"38":{"start":{"line":115,"column":66},"end":{"line":115,"column":90}},"39":{"start":{"line":117,"column":10},"end":{"line":128,"column":null}},"40":{"start":{"line":118,"column":8},"end":{"line":126,"column":null}},"41":{"start":{"line":127,"column":8},"end":{"line":127,"column":null}},"42":{"start":{"line":130,"column":10},"end":{"line":141,"column":null}},"43":{"start":{"line":131,"column":8},"end":{"line":139,"column":null}},"44":{"start":{"line":140,"column":8},"end":{"line":140,"column":null}},"45":{"start":{"line":143,"column":10},"end":{"line":153,"column":null}},"46":{"start":{"line":144,"column":8},"end":{"line":151,"column":null}},"47":{"start":{"line":152,"column":8},"end":{"line":152,"column":null}},"48":{"start":{"line":157,"column":10},"end":{"line":163,"column":null}},"49":{"start":{"line":158,"column":8},"end":{"line":161,"column":null}},"50":{"start":{"line":162,"column":8},"end":{"line":162,"column":null}},"51":{"start":{"line":167,"column":24},"end":{"line":181,"column":null}},"52":{"start":{"line":168,"column":8},"end":{"line":180,"column":null}},"53":{"start":{"line":169,"column":26},"end":{"line":169,"column":null}},"54":{"start":{"line":170,"column":12},"end":{"line":172,"column":null}},"55":{"start":{"line":171,"column":16},"end":{"line":171,"column":null}},"56":{"start":{"line":173,"column":12},"end":{"line":176,"column":null}},"57":{"start":{"line":177,"column":12},"end":{"line":177,"column":null}},"58":{"start":{"line":179,"column":12},"end":{"line":179,"column":null}},"59":{"start":{"line":185,"column":10},"end":{"line":192,"column":null}},"60":{"start":{"line":186,"column":8},"end":{"line":186,"column":null}},"61":{"start":{"line":187,"column":8},"end":{"line":190,"column":null}},"62":{"start":{"line":188,"column":51},"end":{"line":188,"column":98}},"63":{"start":{"line":191,"column":8},"end":{"line":191,"column":null}},"64":{"start":{"line":194,"column":4},"end":{"line":203,"column":null}}},"fnMap":{"0":{"name":"useComposeLauncher","decl":{"start":{"line":47,"column":16},"end":{"line":47,"column":35}},"loc":{"start":{"line":47,"column":79},"end":{"line":204,"column":null}},"line":47},"1":{"name":"(anonymous_1)","decl":{"start":{"line":61,"column":4},"end":{"line":61,"column":27}},"loc":{"start":{"line":61,"column":27},"end":{"line":61,"column":46}},"line":61},"2":{"name":"(anonymous_2)","decl":{"start":{"line":66,"column":4},"end":{"line":66,"column":20}},"loc":{"start":{"line":66,"column":20},"end":{"line":82,"column":7}},"line":66},"3":{"name":"(anonymous_3)","decl":{"start":{"line":69,"column":14},"end":{"line":69,"column":26}},"loc":{"start":{"line":69,"column":26},"end":{"line":81,"column":9}},"line":69},"4":{"name":"(anonymous_4)","decl":{"start":{"line":73,"column":29},"end":{"line":73,"column":35}},"loc":{"start":{"line":73,"column":47},"end":{"line":73,"column":80}},"line":73},"5":{"name":"(anonymous_5)","decl":{"start":{"line":87,"column":10},"end":{"line":87,"column":31}},"loc":{"start":{"line":87,"column":31},"end":{"line":101,"column":null}},"line":87},"6":{"name":"(anonymous_6)","decl":{"start":{"line":89,"column":21},"end":{"line":89,"column":27}},"loc":{"start":{"line":89,"column":39},"end":{"line":89,"column":72}},"line":89},"7":{"name":"(anonymous_7)","decl":{"start":{"line":104,"column":10},"end":{"line":104,"column":31}},"loc":{"start":{"line":104,"column":31},"end":{"line":107,"column":null}},"line":104},"8":{"name":"(anonymous_8)","decl":{"start":{"line":111,"column":10},"end":{"line":111,"column":40}},"loc":{"start":{"line":111,"column":40},"end":{"line":111,"column":null}},"line":111},"9":{"name":"(anonymous_9)","decl":{"start":{"line":111,"column":66},"end":{"line":111,"column":72}},"loc":{"start":{"line":111,"column":78},"end":{"line":111,"column":102}},"line":111},"10":{"name":"(anonymous_10)","decl":{"start":{"line":114,"column":10},"end":{"line":114,"column":23}},"loc":{"start":{"line":115,"column":8},"end":{"line":115,"column":null}},"line":115},"11":{"name":"(anonymous_11)","decl":{"start":{"line":115,"column":54},"end":{"line":115,"column":60}},"loc":{"start":{"line":115,"column":66},"end":{"line":115,"column":90}},"line":115},"12":{"name":"(anonymous_12)","decl":{"start":{"line":117,"column":10},"end":{"line":117,"column":23}},"loc":{"start":{"line":117,"column":44},"end":{"line":128,"column":null}},"line":117},"13":{"name":"(anonymous_13)","decl":{"start":{"line":130,"column":10},"end":{"line":130,"column":26}},"loc":{"start":{"line":130,"column":47},"end":{"line":141,"column":null}},"line":130},"14":{"name":"(anonymous_14)","decl":{"start":{"line":143,"column":10},"end":{"line":143,"column":25}},"loc":{"start":{"line":143,"column":46},"end":{"line":153,"column":null}},"line":143},"15":{"name":"(anonymous_15)","decl":{"start":{"line":157,"column":10},"end":{"line":157,"column":32}},"loc":{"start":{"line":157,"column":53},"end":{"line":163,"column":null}},"line":157},"16":{"name":"(anonymous_16)","decl":{"start":{"line":167,"column":24},"end":{"line":167,"column":36}},"loc":{"start":{"line":167,"column":36},"end":{"line":181,"column":null}},"line":167},"17":{"name":"(anonymous_17)","decl":{"start":{"line":185,"column":10},"end":{"line":185,"column":26}},"loc":{"start":{"line":185,"column":48},"end":{"line":192,"column":null}},"line":185},"18":{"name":"(anonymous_18)","decl":{"start":{"line":188,"column":39},"end":{"line":188,"column":44}},"loc":{"start":{"line":188,"column":51},"end":{"line":188,"column":98}},"line":188}},"branchMap":{"0":{"loc":{"start":{"line":61,"column":46},"end":{"line":61,"column":77}},"type":"binary-expr","locations":[{"start":{"line":61,"column":46},"end":{"line":61,"column":67}},{"start":{"line":61,"column":67},"end":{"line":61,"column":77}}],"line":61},"1":{"loc":{"start":{"line":67,"column":8},"end":{"line":67,"column":null}},"type":"if","locations":[{"start":{"line":67,"column":8},"end":{"line":67,"column":null}},{"start":{},"end":{}}],"line":67},"2":{"loc":{"start":{"line":67,"column":12},"end":{"line":67,"column":65}},"type":"binary-expr","locations":[{"start":{"line":67,"column":12},"end":{"line":67,"column":42}},{"start":{"line":67,"column":42},"end":{"line":67,"column":65}}],"line":67},"3":{"loc":{"start":{"line":72,"column":16},"end":{"line":72,"column":null}},"type":"if","locations":[{"start":{"line":72,"column":16},"end":{"line":72,"column":null}},{"start":{},"end":{}}],"line":72},"4":{"loc":{"start":{"line":73,"column":16},"end":{"line":77,"column":null}},"type":"if","locations":[{"start":{"line":73,"column":16},"end":{"line":77,"column":null}},{"start":{"line":75,"column":23},"end":{"line":77,"column":null}}],"line":73},"5":{"loc":{"start":{"line":88,"column":8},"end":{"line":88,"column":null}},"type":"if","locations":[{"start":{"line":88,"column":8},"end":{"line":88,"column":null}},{"start":{},"end":{}}],"line":88},"6":{"loc":{"start":{"line":89,"column":8},"end":{"line":91,"column":null}},"type":"if","locations":[{"start":{"line":89,"column":8},"end":{"line":91,"column":null}},{"start":{},"end":{}}],"line":89},"7":{"loc":{"start":{"line":159,"column":68},"end":{"line":159,"column":89}},"type":"binary-expr","locations":[{"start":{"line":159,"column":68},"end":{"line":159,"column":87}},{"start":{"line":159,"column":87},"end":{"line":159,"column":89}}],"line":159},"8":{"loc":{"start":{"line":160,"column":22},"end":{"line":160,"column":null}},"type":"cond-expr","locations":[{"start":{"line":160,"column":40},"end":{"line":160,"column":70}},{"start":{"line":160,"column":70},"end":{"line":160,"column":null}}],"line":160},"9":{"loc":{"start":{"line":170,"column":12},"end":{"line":172,"column":null}},"type":"if","locations":[{"start":{"line":170,"column":12},"end":{"line":172,"column":null}},{"start":{},"end":{}}],"line":170},"10":{"loc":{"start":{"line":175,"column":26},"end":{"line":175,"column":null}},"type":"cond-expr","locations":[{"start":{"line":175,"column":44},"end":{"line":175,"column":74}},{"start":{"line":175,"column":74},"end":{"line":175,"column":null}}],"line":175},"11":{"loc":{"start":{"line":188,"column":80},"end":{"line":188,"column":95}},"type":"binary-expr","locations":[{"start":{"line":188,"column":80},"end":{"line":188,"column":93}},{"start":{"line":188,"column":93},"end":{"line":188,"column":95}}],"line":188},"12":{"loc":{"start":{"line":189,"column":22},"end":{"line":189,"column":null}},"type":"cond-expr","locations":[{"start":{"line":189,"column":40},"end":{"line":189,"column":70}},{"start":{"line":189,"column":70},"end":{"line":189,"column":null}}],"line":189}},"s":{"0":426,"1":426,"2":426,"3":426,"4":426,"5":426,"6":426,"7":0,"8":426,"9":79,"10":43,"11":36,"12":36,"13":36,"14":36,"15":36,"16":33,"17":3,"18":3,"19":3,"20":0,"21":426,"22":1,"23":0,"24":1,"25":1,"26":1,"27":1,"28":1,"29":1,"30":426,"31":1,"32":1,"33":426,"34":3,"35":3,"36":426,"37":1,"38":1,"39":426,"40":1,"41":1,"42":426,"43":0,"44":0,"45":426,"46":0,"47":0,"48":426,"49":0,"50":0,"51":426,"52":0,"53":0,"54":0,"55":0,"56":0,"57":0,"58":0,"59":426,"60":0,"61":0,"62":0,"63":0,"64":426},"f":{"0":426,"1":0,"2":79,"3":36,"4":3,"5":1,"6":1,"7":1,"8":3,"9":3,"10":1,"11":1,"12":1,"13":0,"14":0,"15":0,"16":0,"17":0,"18":0},"b":{"0":[426,9],"1":[43,36],"2":[79,79],"3":[33,3],"4":[3,0],"5":[0,1],"6":[1,0],"7":[0,0],"8":[0,0],"9":[0,0],"10":[0,0],"11":[0,0],"12":[0,0]},"meta":{"lastBranch":13,"lastFunction":19,"lastStatement":65,"seen":{"f:47:16:47:35":0,"s:48:83:48:Infinity":0,"s:50:38:50:Infinity":1,"s:51:48:51:Infinity":2,"s:53:52:53:Infinity":3,"s:56:36:56:Infinity":4,"s:57:31:57:Infinity":5,"s:61:4:61:Infinity":6,"f:61:4:61:27":1,"s:61:27:61:46":7,"b:61:46:61:67:61:67:61:77":0,"s:66:4:82:Infinity":8,"f:66:4:66:20":2,"b:67:8:67:Infinity:undefined:undefined:undefined:undefined":1,"s:67:8:67:Infinity":9,"b:67:12:67:42:67:42:67:65":2,"s:67:65:67:Infinity":10,"s:68:8:68:Infinity":11,"s:69:8:81:Infinity":12,"f:69:14:69:26":3,"s:70:12:80:Infinity":13,"s:71:33:71:Infinity":14,"b:72:16:72:Infinity:undefined:undefined:undefined:undefined":3,"s:72:16:72:Infinity":15,"s:72:39:72:Infinity":16,"b:73:16:77:Infinity:75:23:77:Infinity":4,"s:73:16:77:Infinity":17,"f:73:29:73:35":4,"s:73:47:73:80":18,"s:74:20:74:Infinity":19,"s:76:20:76:Infinity":20,"s:87:10:101:Infinity":21,"f:87:10:87:31":5,"b:88:8:88:Infinity:undefined:undefined:undefined:undefined":5,"s:88:8:88:Infinity":22,"s:88:23:88:Infinity":23,"b:89:8:91:Infinity:undefined:undefined:undefined:undefined":6,"s:89:8:91:Infinity":24,"f:89:21:89:27":6,"s:89:39:89:72":25,"s:90:12:90:Infinity":26,"s:92:8:98:Infinity":27,"s:99:8:99:Infinity":28,"s:100:8:100:Infinity":29,"s:104:10:107:Infinity":30,"f:104:10:104:31":7,"s:105:8:105:Infinity":31,"s:106:8:106:Infinity":32,"s:111:10:111:Infinity":33,"f:111:10:111:40":8,"s:111:40:111:Infinity":34,"f:111:66:111:72":9,"s:111:78:111:102":35,"s:114:10:115:Infinity":36,"f:114:10:114:23":10,"s:115:8:115:Infinity":37,"f:115:54:115:60":11,"s:115:66:115:90":38,"s:117:10:128:Infinity":39,"f:117:10:117:23":12,"s:118:8:126:Infinity":40,"s:127:8:127:Infinity":41,"s:130:10:141:Infinity":42,"f:130:10:130:26":13,"s:131:8:139:Infinity":43,"s:140:8:140:Infinity":44,"s:143:10:153:Infinity":45,"f:143:10:143:25":14,"s:144:8:151:Infinity":46,"s:152:8:152:Infinity":47,"s:157:10:163:Infinity":48,"f:157:10:157:32":15,"s:158:8:161:Infinity":49,"b:159:68:159:87:159:87:159:89":7,"b:160:40:160:70:160:70:160:Infinity":8,"s:162:8:162:Infinity":50,"s:167:24:181:Infinity":51,"f:167:24:167:36":16,"s:168:8:180:Infinity":52,"s:169:26:169:Infinity":53,"b:170:12:172:Infinity:undefined:undefined:undefined:undefined":9,"s:170:12:172:Infinity":54,"s:171:16:171:Infinity":55,"s:173:12:176:Infinity":56,"b:175:44:175:74:175:74:175:Infinity":10,"s:177:12:177:Infinity":57,"s:179:12:179:Infinity":58,"s:185:10:192:Infinity":59,"f:185:10:185:26":17,"s:186:8:186:Infinity":60,"s:187:8:190:Infinity":61,"f:188:39:188:44":18,"s:188:51:188:98":62,"b:188:80:188:93:188:93:188:95":11,"b:189:40:189:70:189:70:189:Infinity":12,"s:191:8:191:Infinity":63,"s:194:4:203:Infinity":64},"fnNames":{}}}
}
